r_grid shape: (2000, 2000)
r_grid shape: (2000, 2000)
r_grid shape: (2000, 2000)
r_grid shape: (2000, 2000)
r_grid shape: (2000, 2000)
r_grid shape: (2000, 2000)
r_grid shape: (2000, 2000)
r_grid shape: (2000, 2000)
r_grid shape: (2000, 2000)
r_grid shape: (2000, 2000)
r_grid shape: (2000, 2000)
r_grid shape: (2000, 2000)
r_grid shape: (2000, 2000)
r_grid shape: (2000, 2000)
r_grid shape: (2000, 2000)
r_grid shape: (2000, 2000)
r_grid shape: (2000, 2000)
r_grid shape: (2000, 2000)
r_grid shape: (2000, 2000)
r_grid shape: (2000, 2000)
r_grid shape: (2000, 2000)
r_grid shape: (2000, 2000)
r_grid shape: (2000, 2000)
r_grid shape: (2000, 2000)
r_grid shape: (2000, 2000)
r_grid shape: (2000, 2000)
